23-06-22 12:49:36 Execution trace by 'Common VBA Execution Trace Service (mTrc)' (https://github.com/warbe-maker/VBA-Trace)
23-06-22 12:49:36                 >> Begin execution trace 
23-06-22 12:49:36 00,0000         |  >> mFsoTest.Test_03_FilePathSplit

23-06-22 12:59:33 Execution trace by 'Common VBA Execution Trace Service (mTrc)' (https://github.com/warbe-maker/VBA-Trace)
23-06-22 12:59:33                 >> Begin execution trace 
23-06-22 12:59:33 00,0000         |  >> mFsoTest.Test_03_FilePathSplit

23-06-22 13:00:23 Execution trace by 'Common VBA Execution Trace Service (mTrc)' (https://github.com/warbe-maker/VBA-Trace)
23-06-22 13:00:23                 >> Begin execution trace 
23-06-22 13:00:23 00,0000         |  >> mFsoTest.Test_03_FilePathSplit

23-06-22 13:01:03 Execution trace by 'Common VBA Execution Trace Service (mTrc)' (https://github.com/warbe-maker/VBA-Trace)
23-06-22 13:01:03                 >> Begin execution trace 
23-06-22 13:01:03 00,0000         |  >> mFsoTest.Test_03_FilePathSplit

23-06-22 13:10:32 Execution trace by 'Common VBA Execution Trace Service (mTrc)' (https://github.com/warbe-maker/VBA-Trace)
23-06-22 13:10:32                 >> Begin execution trace 
23-06-22 13:10:32 00,0000         |  >> mFsoTest.Test_03_FilePathSplit

23-06-22 13:17:23 Execution trace by 'Common VBA Execution Trace Service (mTrc)' (https://github.com/warbe-maker/VBA-Trace)
23-06-22 13:17:23                 >> Begin execution trace 
23-06-22 13:17:23 00,0000         |  >> mFsoTest.Test_03_FilePathSplit

23-06-22 13:18:00 Execution trace by 'Common VBA Execution Trace Service (mTrc)' (https://github.com/warbe-maker/VBA-Trace)
23-06-22 13:18:00                 >> Begin execution trace 
23-06-22 13:18:00 00,0000         |  >> mFsoTest.Test_03_FilePathSplit

23-06-22 13:19:04 Execution trace by 'Common VBA Execution Trace Service (mTrc)' (https://github.com/warbe-maker/VBA-Trace)
23-06-22 13:19:04                 >> Begin execution trace 
23-06-22 13:19:04 00,0000         |  >> mFsoTest.Test_03_FilePathSplit
23-06-22 13:19:07 03,5584 03,5584 |  << mFsoTest.Test_03_FilePathSplit
23-06-22 13:19:07 03,5584 03,5584 << End execution trace 
23-06-22 13:19:07                 Impact on the overall performance (caused by the trace itself): 1,3 milliseconds!
23-06-22 13:19:07 Execution trace by 'Common VBA Execution Trace Service (mTrc)' (https://github.com/warbe-maker/VBA-Trace)
===========================================================================================================================================
24-01-25 16:20:00 Elapsed Length  Execution trace by 'Common VBA Execution Trace Service (mTrc)' (https://github.com/warbe-maker/VBA-Trace)
24-01-25 16:20:00 seconds seconds >> Begin execution trace 
24-01-25 16:20:00 00,0000         |  >> mFsoTest.Test_02_File_Exists
24-01-25 16:20:01 01,3893         |  |  >> mFsoTest.TestProc_PrivateProfile_File
===========================================================================================================================================
24-01-25 16:32:17 Elapsed Length  Execution trace by 'Common VBA Execution Trace Service (mTrc)' (https://github.com/warbe-maker/VBA-Trace)
24-01-25 16:32:17 seconds seconds >> Begin execution trace 
24-01-25 16:32:17 00,0000         |  >> mFsoTest.Test_08_FileString_Let_Get
24-01-25 16:34:10 113,5565         |  >> mFsoTest.Test_08_FileString_Let_Get
===========================================================================================================================================
24-01-25 16:37:26 Elapsed Length  Execution trace by 'Common VBA Execution Trace Service (mTrc)' (https://github.com/warbe-maker/VBA-Trace)
24-01-25 16:37:26 seconds seconds >> Begin execution trace 
24-01-25 16:37:26 00,0000         |  >> mFsoTest.Test_08_FileString_Let_Get
===========================================================================================================================================
24-01-25 16:39:45 Elapsed Length  Execution trace by 'Common VBA Execution Trace Service (mTrc)' (https://github.com/warbe-maker/VBA-Trace)
24-01-25 16:39:45 seconds seconds >> Begin execution trace 
24-01-25 16:39:45 00,0000         |  >> mFsoTest.Test_08_FileString_Let_Get
===========================================================================================================================================
24-01-25 16:43:06 Elapsed Length  Execution trace by 'Common VBA Execution Trace Service (mTrc)' (https://github.com/warbe-maker/VBA-Trace)
24-01-25 16:43:06 seconds seconds >> Begin execution trace 
24-01-25 16:43:06 00,0000         |  >> mFsoTest.Test_10_File_Arry_Get_Let
===========================================================================================================================================
24-01-25 16:44:05 Elapsed Length  Execution trace by 'Common VBA Execution Trace Service (mTrc)' (https://github.com/warbe-maker/VBA-Trace)
24-01-25 16:44:05 seconds seconds >> Begin execution trace 
24-01-25 16:44:05 00,0000         |  >> mFsoTest.Test_10_File_Arry_Get_Let
===========================================================================================================================================
24-01-25 16:45:17 Elapsed Length  Execution trace by 'Common VBA Execution Trace Service (mTrc)' (https://github.com/warbe-maker/VBA-Trace)
24-01-25 16:45:17 seconds seconds >> Begin execution trace 
24-01-25 16:45:17 00,0000         |  >> mFsoTest.Test_10_File_Arry_Get_Let
===========================================================================================================================================
24-01-25 16:46:16 Elapsed Length  Execution trace by 'Common VBA Execution Trace Service (mTrc)' (https://github.com/warbe-maker/VBA-Trace)
24-01-25 16:46:16 seconds seconds >> Begin execution trace 
24-01-25 16:46:16 00,0000         |  >> mFsoTest.Test_10_File_Arry_Get_Let
===========================================================================================================================================
24-01-25 16:59:43 Elapsed Length  Execution trace by 'Common VBA Execution Trace Service (mTrc)' (https://github.com/warbe-maker/VBA-Trace)
24-01-25 16:59:43 seconds seconds >> Begin execution trace 
24-01-25 16:59:43 00,0000         |  >> mFsoTest.Test_10_File_Arry_Get_Let
===========================================================================================================================================
24-01-26 12:04:16 Elapsed Length  Execution trace by 'Common VBA Execution Trace Service (mTrc)' (https://github.com/warbe-maker/VBA-Trace)
24-01-26 12:04:16 seconds seconds >> Begin execution trace 
24-01-26 12:04:16 00,0000         |  >> mFsoTest.Test_14_RenameSubFolders
===========================================================================================================================================
24-01-26 12:08:40 Elapsed Length  Execution trace by 'Common VBA Execution Trace Service (mTrc)' (https://github.com/warbe-maker/VBA-Trace)
24-01-26 12:08:40 seconds seconds >> Begin execution trace 
24-01-26 12:08:40 00,0000         |  >> mFsoTest.Test_14_RenameSubFolders
===========================================================================================================================================
24-01-26 12:19:14 Elapsed Length  Execution trace by 'Common VBA Execution Trace Service (mTrc)' (https://github.com/warbe-maker/VBA-Trace)
24-01-26 12:19:14 seconds seconds >> Begin execution trace 
24-01-26 12:19:14 00,0000         |  >> mFsoTest.Test_14_RenameSubFolders
===========================================================================================================================================
24-01-26 12:31:12 Elapsed Length  Execution trace by 'Common VBA Execution Trace Service (mTrc)' (https://github.com/warbe-maker/VBA-Trace)
24-01-26 12:31:12 seconds seconds >> Begin execution trace 
24-01-26 12:31:12 00,0000         |  >> mFsoTest.Test_14_RenameSubFolders
===========================================================================================================================================
24-01-26 12:32:24 Elapsed Length  Execution trace by 'Common VBA Execution Trace Service (mTrc)' (https://github.com/warbe-maker/VBA-Trace)
24-01-26 12:32:24 seconds seconds >> Begin execution trace 
24-01-26 12:32:24 00,0000         |  >> mFsoTest.Test_14_RenameSubFolders
===========================================================================================================================================
24-01-26 12:35:46 Elapsed Length  Execution trace by 'Common VBA Execution Trace Service (mTrc)' (https://github.com/warbe-maker/VBA-Trace)
24-01-26 12:35:46 seconds seconds >> Begin execution trace 
24-01-26 12:35:46 00,0000         |  >> mFsoTest.Test_14_RenameSubFolders
===========================================================================================================================================
24-01-26 18:03:39 Elapsed Length  Execution trace by 'Common VBA Execution Trace Service (mTrc)' (https://github.com/warbe-maker/VBA-Trace)
24-01-26 18:03:39 seconds seconds >> Begin execution trace 
24-01-26 18:03:39 00,0000         |  >> mFsoTest.Test_14_RenameSubFolders
===========================================================================================================================================
24-01-26 18:06:11 Elapsed Length  Execution trace by 'Common VBA Execution Trace Service (mTrc)' (https://github.com/warbe-maker/VBA-Trace)
24-01-26 18:06:11 seconds seconds >> Begin execution trace 
24-01-26 18:06:11 00,0000         |  >> mFsoTest.Test_14_RenameSubFolders
===========================================================================================================================================
24-01-26 18:07:56 Elapsed Length  Execution trace by 'Common VBA Execution Trace Service (mTrc)' (https://github.com/warbe-maker/VBA-Trace)
24-01-26 18:07:56 seconds seconds >> Begin execution trace 
24-01-26 18:07:56 00,0000         |  >> mFsoTest.Test_14_RenameSubFolders
===========================================================================================================================================
24-01-26 18:08:25 Elapsed Length  Execution trace by 'Common VBA Execution Trace Service (mTrc)' (https://github.com/warbe-maker/VBA-Trace)
24-01-26 18:08:25 seconds seconds >> Begin execution trace 
24-01-26 18:08:25 00,0000         |  >> mFsoTest.Test_14_RenameSubFolders
===========================================================================================================================================
24-01-26 18:09:59 Elapsed Length  Execution trace by 'Common VBA Execution Trace Service (mTrc)' (https://github.com/warbe-maker/VBA-Trace)
24-01-26 18:09:59 seconds seconds >> Begin execution trace 
24-01-26 18:09:59 00,0000         |  >> mFsoTest.Test_14_RenameSubFolders
===========================================================================================================================================
24-01-26 18:11:30 Elapsed Length  Execution trace by 'Common VBA Execution Trace Service (mTrc)' (https://github.com/warbe-maker/VBA-Trace)
24-01-26 18:11:30 seconds seconds >> Begin execution trace 
24-01-26 18:11:30 00,0000         |  >> mFsoTest.Test_14_RenameSubFolders
===========================================================================================================================================
24-01-26 18:12:21 Elapsed Length  Execution trace by 'Common VBA Execution Trace Service (mTrc)' (https://github.com/warbe-maker/VBA-Trace)
24-01-26 18:12:21 seconds seconds >> Begin execution trace 
24-01-26 18:12:21 00,0000         |  >> mFsoTest.Test_14_RenameSubFolders
===========================================================================================================================================
24-01-26 18:14:26 Elapsed Length  Execution trace by 'Common VBA Execution Trace Service (mTrc)' (https://github.com/warbe-maker/VBA-Trace)
24-01-26 18:14:26 seconds seconds >> Begin execution trace 
24-01-26 18:14:26 00,0000         |  >> mFsoTest.Test_14_RenameSubFolders
===========================================================================================================================================
24-01-26 18:27:35 Elapsed Length  Execution trace by 'Common VBA Execution Trace Service (mTrc)' (https://github.com/warbe-maker/VBA-Trace)
24-01-26 18:27:35 seconds seconds >> Begin execution trace 
24-01-26 18:27:35 00,0000         |  >> mFsoTest.Test_14_RenameSubFolders
===========================================================================================================================================
24-01-26 18:30:20 Elapsed Length  Execution trace by 'Common VBA Execution Trace Service (mTrc)' (https://github.com/warbe-maker/VBA-Trace)
24-01-26 18:30:20 seconds seconds >> Begin execution trace 
24-01-26 18:30:20 00,0000         |  >> mFsoTest.Test_14_RenameSubFolders
===========================================================================================================================================
24-01-27 14:15:24 Elapsed Length  Execution trace by 'Common VBA Execution Trace Service (mTrc)' (https://github.com/warbe-maker/VBA-Trace)
24-01-27 14:15:24 seconds seconds >> Begin execution trace 
24-01-27 14:15:24 00,0000         |  >> mFsoTest. Test_90_IsValidFileName
24-01-27 14:15:24 00,0070 00,0070 |  << mFsoTest. Test_90_IsValidFileName
24-01-27 14:15:24 00,0070 00,0070 << End execution trace 
24-01-27 14:15:24                 Execution trace by 'Common VBA Execution Trace Service (mTrc)' (https://github.com/warbe-maker/VBA-Trace)
24-01-27 14:15:24                 Impact on the overall performance (caused by the trace itself): 5,7 milliseconds!
===========================================================================================================================================
24-01-27 14:15:53 Elapsed Length  Execution trace by 'Common VBA Execution Trace Service (mTrc)' (https://github.com/warbe-maker/VBA-Trace)
24-01-27 14:15:53 seconds seconds >> Begin execution trace 
24-01-27 14:15:53 00,0000         |  >> mFsoTest. Test_90_IsValidFileName
24-01-27 14:15:53 00,0023 00,0023 |  << mFsoTest. Test_90_IsValidFileName
24-01-27 14:15:53 00,0023 00,0023 << End execution trace 
24-01-27 14:15:53                 Execution trace by 'Common VBA Execution Trace Service (mTrc)' (https://github.com/warbe-maker/VBA-Trace)
24-01-27 14:15:53                 Impact on the overall performance (caused by the trace itself): 2,1 milliseconds!
===========================================================================================================================================
24-01-27 14:16:19 Elapsed Length  Execution trace by 'Common VBA Execution Trace Service (mTrc)' (https://github.com/warbe-maker/VBA-Trace)
24-01-27 14:16:19 seconds seconds >> Begin execution trace 
24-01-27 14:16:19 00,0000         |  >> mFsoTest. Test_90_IsValidFileName
24-01-27 14:16:19 00,0022 00,0022 |  << mFsoTest. Test_90_IsValidFileName
24-01-27 14:16:19 00,0022 00,0022 << End execution trace 
24-01-27 14:16:19                 Execution trace by 'Common VBA Execution Trace Service (mTrc)' (https://github.com/warbe-maker/VBA-Trace)
24-01-27 14:16:19                 Impact on the overall performance (caused by the trace itself): 2,0 milliseconds!
===========================================================================================================================================
24-01-27 14:16:32 Elapsed Length  Execution trace by 'Common VBA Execution Trace Service (mTrc)' (https://github.com/warbe-maker/VBA-Trace)
24-01-27 14:16:32 seconds seconds >> Begin execution trace 
24-01-27 14:16:32 00,0000         |  >> mFsoTest. Test_90_IsValidFileName
===========================================================================================================================================
24-01-27 14:22:48 Elapsed Length  Execution trace by 'Common VBA Execution Trace Service (mTrc)' (https://github.com/warbe-maker/VBA-Trace)
24-01-27 14:22:48 seconds seconds >> Begin execution trace 
24-01-27 14:22:48 00,0000         |  >> mFsoTest. Test_90_IsValidFileName
===========================================================================================================================================
24-01-27 14:23:04 Elapsed Length  Execution trace by 'Common VBA Execution Trace Service (mTrc)' (https://github.com/warbe-maker/VBA-Trace)
24-01-27 14:23:04 seconds seconds >> Begin execution trace 
24-01-27 14:23:04 00,0000         |  >> mFsoTest. Test_90_IsValidFileName
===========================================================================================================================================
24-01-27 14:24:17 Elapsed Length  Execution trace by 'Common VBA Execution Trace Service (mTrc)' (https://github.com/warbe-maker/VBA-Trace)
24-01-27 14:24:17 seconds seconds >> Begin execution trace 
24-01-27 14:24:17 00,0000         |  >> mFsoTest. Test_90_IsValidFileName
===========================================================================================================================================
24-01-27 14:27:17 Elapsed Length  Execution trace by 'Common VBA Execution Trace Service (mTrc)' (https://github.com/warbe-maker/VBA-Trace)
24-01-27 14:27:17 seconds seconds >> Begin execution trace 
24-01-27 14:27:17 00,0000         |  >> mFsoTest. Test_90_IsValidFileName
===========================================================================================================================================
24-01-27 14:36:20 Elapsed Length  Execution trace by 'Common VBA Execution Trace Service (mTrc)' (https://github.com/warbe-maker/VBA-Trace)
24-01-27 14:36:20 seconds seconds >> Begin execution trace 
24-01-27 14:36:20 00,0000         |  >> mFsoTest. Test_90_IsValidFileName
===========================================================================================================================================
24-01-27 14:36:36 Elapsed Length  Execution trace by 'Common VBA Execution Trace Service (mTrc)' (https://github.com/warbe-maker/VBA-Trace)
24-01-27 14:36:36 seconds seconds >> Begin execution trace 
24-01-27 14:36:36 00,0000         |  >> mFsoTest. Test_90_IsValidFileName
===========================================================================================================================================
24-01-27 14:37:44 Elapsed Length  Execution trace by 'Common VBA Execution Trace Service (mTrc)' (https://github.com/warbe-maker/VBA-Trace)
24-01-27 14:37:44 seconds seconds >> Begin execution trace 
24-01-27 14:37:44 00,0000         |  >> mFsoTest. Test_90_IsValidFileName
===========================================================================================================================================
24-01-27 14:37:52 Elapsed Length  Execution trace by 'Common VBA Execution Trace Service (mTrc)' (https://github.com/warbe-maker/VBA-Trace)
24-01-27 14:37:52 seconds seconds >> Begin execution trace 
24-01-27 14:37:52 00,0000         |  >> mFsoTest. Test_90_IsValidFileName
===========================================================================================================================================
24-01-27 14:39:18 Elapsed Length  Execution trace by 'Common VBA Execution Trace Service (mTrc)' (https://github.com/warbe-maker/VBA-Trace)
24-01-27 14:39:18 seconds seconds >> Begin execution trace 
24-01-27 14:39:18 00,0000         |  >> mFsoTest. Test_90_IsValidFileName
===========================================================================================================================================
24-01-27 14:43:29 Elapsed Length  Execution trace by 'Common VBA Execution Trace Service (mTrc)' (https://github.com/warbe-maker/VBA-Trace)
24-01-27 14:43:29 seconds seconds >> Begin execution trace 
24-01-27 14:43:29 00,0000         |  >> mFsoTest. Test_90_IsValidFileName
===========================================================================================================================================
24-01-27 14:47:03 Elapsed Length  Execution trace by 'Common VBA Execution Trace Service (mTrc)' (https://github.com/warbe-maker/VBA-Trace)
24-01-27 14:47:03 seconds seconds >> Begin execution trace 
24-01-27 14:47:03 00,0000         |  >> mFsoTest. Test_90_IsValidFileName
===========================================================================================================================================
24-01-27 14:48:11 Elapsed Length  Execution trace by 'Common VBA Execution Trace Service (mTrc)' (https://github.com/warbe-maker/VBA-Trace)
24-01-27 14:48:11 seconds seconds >> Begin execution trace 
24-01-27 14:48:11 00,0000         |  >> mFsoTest. Test_90_IsValidFileName
===========================================================================================================================================
24-01-27 14:50:16 Elapsed Length  Execution trace by 'Common VBA Execution Trace Service (mTrc)' (https://github.com/warbe-maker/VBA-Trace)
24-01-27 14:50:16 seconds seconds >> Begin execution trace 
24-01-27 14:50:16 00,0000         |  >> mFsoTest. Test_90_IsValidFileName
===========================================================================================================================================
24-01-27 14:57:20 Elapsed Length  Execution trace by 'Common VBA Execution Trace Service (mTrc)' (https://github.com/warbe-maker/VBA-Trace)
24-01-27 14:57:20 seconds seconds >> Begin execution trace 
24-01-27 14:57:20 00,0000         |  >> mFsoTest. Test_90_IsValidFileName
===========================================================================================================================================
24-01-27 14:59:10 Elapsed Length  Execution trace by 'Common VBA Execution Trace Service (mTrc)' (https://github.com/warbe-maker/VBA-Trace)
24-01-27 14:59:10 seconds seconds >> Begin execution trace 
24-01-27 14:59:10 00,0000         |  >> mFsoTest. Test_90_IsValidFileName
===========================================================================================================================================
24-01-27 15:03:24 Elapsed Length  Execution trace by 'Common VBA Execution Trace Service (mTrc)' (https://github.com/warbe-maker/VBA-Trace)
24-01-27 15:03:24 seconds seconds >> Begin execution trace 
24-01-27 15:03:24 00,0000         |  >> mFsoTest. Test_90_IsValidFileFullName
24-01-27 15:03:24 00,0058 00,0058 |  << mFsoTest. Test_90_IsValidFileFullName
24-01-27 15:03:24 00,0058 00,0058 << End execution trace 
24-01-27 15:03:24                 Execution trace by 'Common VBA Execution Trace Service (mTrc)' (https://github.com/warbe-maker/VBA-Trace)
24-01-27 15:03:24                 Impact on the overall performance (caused by the trace itself): 4,4 milliseconds!
===========================================================================================================================================
24-01-27 15:14:17 Elapsed Length  Execution trace by 'Common VBA Execution Trace Service (mTrc)' (https://github.com/warbe-maker/VBA-Trace)
24-01-27 15:14:17 seconds seconds >> Begin execution trace 
24-01-27 15:14:17 00,0000         |  >> mFsoTest. Test_89_FileName
24-01-27 15:14:45 28,3386 28,3386 |  << mFsoTest. Test_89_FileName
24-01-27 15:14:45 28,3386 28,3386 << End execution trace 
24-01-27 15:14:45                 Execution trace by 'Common VBA Execution Trace Service (mTrc)' (https://github.com/warbe-maker/VBA-Trace)
24-01-27 15:14:45                 Impact on the overall performance (caused by the trace itself): 6,2 milliseconds!
===========================================================================================================================================
24-01-27 15:15:43 Elapsed Length  Execution trace by 'Common VBA Execution Trace Service (mTrc)' (https://github.com/warbe-maker/VBA-Trace)
24-01-27 15:15:43 seconds seconds >> Begin execution trace 
24-01-27 15:15:43 00,0000         |  >> mFsoTest. Test_89_FileName
===========================================================================================================================================
24-01-27 15:16:13 Elapsed Length  Execution trace by 'Common VBA Execution Trace Service (mTrc)' (https://github.com/warbe-maker/VBA-Trace)
24-01-27 15:16:13 seconds seconds >> Begin execution trace 
24-01-27 15:16:13 00,0000         |  >> mFsoTest. Test_89_FileName
===========================================================================================================================================
24-01-27 15:18:26 Elapsed Length  Execution trace by 'Common VBA Execution Trace Service (mTrc)' (https://github.com/warbe-maker/VBA-Trace)
24-01-27 15:18:26 seconds seconds >> Begin execution trace 
24-01-27 15:18:26 00,0000         |  >> mFsoTest. Test_89_FileName
24-01-27 15:20:08 101,4115 101,4115 |  << mFsoTest. Test_89_FileName
24-01-27 15:20:08 101,4115 101,4115 << End execution trace 
24-01-27 15:20:08                 Execution trace by 'Common VBA Execution Trace Service (mTrc)' (https://github.com/warbe-maker/VBA-Trace)
24-01-27 15:20:08                 Impact on the overall performance (caused by the trace itself): 4,6 milliseconds!
===========================================================================================================================================
24-01-27 15:26:55 Elapsed Length  Execution trace by 'Common VBA Execution Trace Service (mTrc)' (https://github.com/warbe-maker/VBA-Trace)
24-01-27 15:26:55 seconds seconds >> Begin execution trace 
24-01-27 15:26:55 00,0000         |  >> mPrivProfFileTest. Test_90_IsValidFileFullName
24-01-27 15:27:51 56,3662 56,3662 |  << mPrivProfFileTest. Test_90_IsValidFileFullName
24-01-27 15:27:51 56,3662 56,3662 << End execution trace 
24-01-27 15:27:51                 Execution trace by 'Common VBA Execution Trace Service (mTrc)' (https://github.com/warbe-maker/VBA-Trace)
24-01-27 15:27:51                 Impact on the overall performance (caused by the trace itself): 2,2 milliseconds!
===========================================================================================================================================
24-01-27 15:27:55 Elapsed Length  Execution trace by 'Common VBA Execution Trace Service (mTrc)' (https://github.com/warbe-maker/VBA-Trace)
24-01-27 15:27:55 seconds seconds >> Begin execution trace 
24-01-27 15:27:55 00,0000         |  >> mPrivProfFileTest. Test_90_IsValidFileFullName
24-01-27 15:27:55 00,0023 00,0023 |  << mPrivProfFileTest. Test_90_IsValidFileFullName
24-01-27 15:27:55 00,0023 00,0023 << End execution trace 
24-01-27 15:27:55                 Execution trace by 'Common VBA Execution Trace Service (mTrc)' (https://github.com/warbe-maker/VBA-Trace)
24-01-27 15:27:55                 Impact on the overall performance (caused by the trace itself): 2,2 milliseconds!
===========================================================================================================================================
24-01-27 15:31:20 Elapsed Length  Execution trace by 'Common VBA Execution Trace Service (mTrc)' (https://github.com/warbe-maker/VBA-Trace)
24-01-27 15:31:20 seconds seconds >> Begin execution trace 
24-01-27 15:31:20 00,0000         |  >> mPrivProfFileTest. Test_89_FileName
24-01-27 15:31:20 00,0020 00,0020 |  << mPrivProfFileTest. Test_89_FileName
24-01-27 15:31:20 00,0020 00,0020 << End execution trace 
24-01-27 15:31:20                 Execution trace by 'Common VBA Execution Trace Service (mTrc)' (https://github.com/warbe-maker/VBA-Trace)
24-01-27 15:31:20                 Impact on the overall performance (caused by the trace itself): 1,3 milliseconds!
===========================================================================================================================================
24-01-27 15:51:39 Elapsed Length  Execution trace by 'Common VBA Execution Trace Service (mTrc)' (https://github.com/warbe-maker/VBA-Trace)
24-01-27 15:51:39 seconds seconds >> Begin execution trace 
24-01-27 15:51:39 00,0000         |  >> mPrivProfFileTest.
===========================================================================================================================================
24-01-29 18:29:08 Elapsed Length  Execution trace by 'Common VBA Execution Trace Service (mTrc)' (https://github.com/warbe-maker/VBA-Trace)
24-01-29 18:29:08 seconds seconds >> Begin execution trace 
24-01-29 18:29:08 00,0000         |  >> mPrivProfFileTest. Test_89_FileName
===========================================================================================================================================
24-01-29 18:32:31 Elapsed Length  Execution trace by 'Common VBA Execution Trace Service (mTrc)' (https://github.com/warbe-maker/VBA-Trace)
24-01-29 18:32:31 seconds seconds >> Begin execution trace 
24-01-29 18:32:31 00,0000         |  >> mPrivProfFileTest. Test_89_FileName
24-01-29 18:33:12 41,0743 41,0743 |  << mPrivProfFileTest. Test_89_FileName
24-01-29 18:33:12 41,0743 41,0743 << End execution trace 
24-01-29 18:33:12                 Execution trace by 'Common VBA Execution Trace Service (mTrc)' (https://github.com/warbe-maker/VBA-Trace)
24-01-29 18:33:12                 Impact on the overall performance (caused by the trace itself): 3,1 milliseconds!
===========================================================================================================================================
24-01-29 18:40:06 Elapsed Length  Execution trace by 'Common VBA Execution Trace Service (mTrc)' (https://github.com/warbe-maker/VBA-Trace)
24-01-29 18:40:06 seconds seconds >> Begin execution trace 
24-01-29 18:40:06 00,0000         |  >> mPrivProfFileTest. Test_90_IsValidFileFullName
===========================================================================================================================================
24-01-29 18:40:31 Elapsed Length  Execution trace by 'Common VBA Execution Trace Service (mTrc)' (https://github.com/warbe-maker/VBA-Trace)
24-01-29 18:40:31 seconds seconds >> Begin execution trace 
24-01-29 18:40:31 00,0000         |  >> mPrivProfFileTest. Test_90_IsValidFileFullName
===========================================================================================================================================
24-01-29 18:43:29 Elapsed Length  Execution trace by 'Common VBA Execution Trace Service (mTrc)' (https://github.com/warbe-maker/VBA-Trace)
24-01-29 18:43:29 seconds seconds >> Begin execution trace 
24-01-29 18:43:29 00,0000         |  >> mPrivProfFileTest. Test_90_IsValidFileFullName
===========================================================================================================================================
24-01-29 18:43:40 Elapsed Length  Execution trace by 'Common VBA Execution Trace Service (mTrc)' (https://github.com/warbe-maker/VBA-Trace)
24-01-29 18:43:40 seconds seconds >> Begin execution trace 
24-01-29 18:43:40 00,0000         |  >> mPrivProfFileTest. Test_90_IsValidFileFullName
24-01-29 18:45:28 108,0461 108,0461 |  << mPrivProfFileTest. Test_90_IsValidFileFullName
24-01-29 18:45:28 108,0461 108,0461 << End execution trace 
24-01-29 18:45:28                 Execution trace by 'Common VBA Execution Trace Service (mTrc)' (https://github.com/warbe-maker/VBA-Trace)
24-01-29 18:45:28                 Impact on the overall performance (caused by the trace itself): 1,3 milliseconds!
===========================================================================================================================================
24-01-29 18:46:33 Elapsed Length  Execution trace by 'Common VBA Execution Trace Service (mTrc)' (https://github.com/warbe-maker/VBA-Trace)
24-01-29 18:46:33 seconds seconds >> Begin execution trace 
24-01-29 18:46:33 00,0000         |  >> mPrivProfFileTest. Test_90_IsValidFileFullName
24-01-29 18:46:39 05,5607 05,5607 |  << mPrivProfFileTest. Test_90_IsValidFileFullName
24-01-29 18:46:39 05,5607 05,5607 << End execution trace 
24-01-29 18:46:39                 Execution trace by 'Common VBA Execution Trace Service (mTrc)' (https://github.com/warbe-maker/VBA-Trace)
24-01-29 18:46:39                 Impact on the overall performance (caused by the trace itself): 1,3 milliseconds!
===========================================================================================================================================
24-01-29 18:50:03 Elapsed Length  Execution trace by 'Common VBA Execution Trace Service (mTrc)' (https://github.com/warbe-maker/VBA-Trace)
24-01-29 18:50:03 seconds seconds >> Begin execution trace 
24-01-29 18:50:03 00,0000         |  >> mPrivProfFileTest. Test_90_IsValidFileFullName
24-01-29 18:50:03 00,0013 00,0013 |  << mPrivProfFileTest. Test_90_IsValidFileFullName
24-01-29 18:50:03 00,0013 00,0013 << End execution trace 
24-01-29 18:50:03                 Execution trace by 'Common VBA Execution Trace Service (mTrc)' (https://github.com/warbe-maker/VBA-Trace)
24-01-29 18:50:03                 Impact on the overall performance (caused by the trace itself): 1,2 milliseconds!
===========================================================================================================================================
24-01-29 18:51:46 Elapsed Length  Execution trace by 'Common VBA Execution Trace Service (mTrc)' (https://github.com/warbe-maker/VBA-Trace)
24-01-29 18:51:46 seconds seconds >> Begin execution trace 
24-01-29 18:51:46 00,0000         |  >> mPrivProfFileTest.Test_92_PrivateProfile_ValueNames
24-01-29 18:51:46 00,0033         |  |  >> mPrivProfFileTest.TestProc_PrivateProfile_File
===========================================================================================================================================
24-01-30 00:04:47 Elapsed Length  Execution trace by 'Common VBA Execution Trace Service (mTrc)' (https://github.com/warbe-maker/VBA-Trace)
24-01-30 00:04:47 seconds seconds >> Begin execution trace 
24-01-30 00:04:47 00,0000         |  >> mPrivProfFileTest.Test_91_PrivateProfile_SectionsNames
24-01-30 00:04:47 00,0175         |  |  >> mFsoTest.TestProc_PrivateProfile_File
24-01-30 00:04:47 00,0672 00,0497 |  |  << mFsoTest.TestProc_PrivateProfile_File
===========================================================================================================================================
24-01-30 00:05:49 Elapsed Length  Execution trace by 'Common VBA Execution Trace Service (mTrc)' (https://github.com/warbe-maker/VBA-Trace)
24-01-30 00:05:49 seconds seconds >> Begin execution trace 
24-01-30 00:05:49 00,0000         |  >> mPrivProfFileTest.Test_91_PrivateProfile_SectionsNames
24-01-30 00:05:49 00,0026         |  |  >> mFsoTest.TestProc_PrivateProfile_File
24-01-30 00:05:52 00,0390 00,0364 |  |  << mFsoTest.TestProc_PrivateProfile_File (VB-Runtime Error 53 )
===========================================================================================================================================
24-01-30 00:19:04 Elapsed Length  Execution trace by 'Common VBA Execution Trace Service (mTrc)' (https://github.com/warbe-maker/VBA-Trace)
24-01-30 00:19:04 seconds seconds >> Begin execution trace 
24-01-30 00:19:04 00,0000         |  >> mPrivProfFileTest.Test_91_PrivateProfile_SectionsNames
24-01-30 00:19:04 00,0057         |  |  >> mFsoTest.TestProc_PrivateProfile_File
24-01-30 00:19:08 03,8414 03,8357 |  |  << mFsoTest.TestProc_PrivateProfile_File
===========================================================================================================================================
24-01-30 00:20:17 Elapsed Length  Execution trace by 'Common VBA Execution Trace Service (mTrc)' (https://github.com/warbe-maker/VBA-Trace)
24-01-30 00:20:17 seconds seconds >> Begin execution trace 
24-01-30 00:20:17 00,0000         |  >> mPrivProfFileTest.Test_91_PrivateProfile_SectionsNames
24-01-30 00:20:17 00,0085         |  |  >> mFsoTest.TestProc_PrivateProfile_File
24-01-30 00:20:21 04,0818 04,0733 |  |  << mFsoTest.TestProc_PrivateProfile_File
===========================================================================================================================================
24-01-30 00:21:01 Elapsed Length  Execution trace by 'Common VBA Execution Trace Service (mTrc)' (https://github.com/warbe-maker/VBA-Trace)
24-01-30 00:21:01 seconds seconds >> Begin execution trace 
24-01-30 00:21:01 00,0000         |  >> mPrivProfFileTest.Test_91_PrivateProfile_SectionsNames
24-01-30 00:21:01 00,0044         |  |  >> mFsoTest.TestProc_PrivateProfile_File
24-01-30 00:21:01 00,0074 00,0030 |  |  << mFsoTest.TestProc_PrivateProfile_File
24-01-30 00:21:01 00,0081 00,0081 |  << mPrivProfFileTest.Test_91_PrivateProfile_SectionsNames
24-01-30 00:21:01 00,0081 00,0081 << End execution trace 
24-01-30 00:21:01                 Execution trace by 'Common VBA Execution Trace Service (mTrc)' (https://github.com/warbe-maker/VBA-Trace)
24-01-30 00:21:01                 Impact on the overall performance (caused by the trace itself): 0,4 milliseconds!
===========================================================================================================================================
24-01-30 00:26:28 Elapsed Length  Execution trace by 'Common VBA Execution Trace Service (mTrc)' (https://github.com/warbe-maker/VBA-Trace)
24-01-30 00:26:28 seconds seconds >> Begin execution trace 
24-01-30 00:26:28 00,0000         |  >> mPrivProfFileTest.Test_92_PrivateProfile_ValueNames
24-01-30 00:26:29 00,0114         |  |  >> mFsoTest.TestProc_PrivateProfile_File
24-01-30 00:26:29 00,0237 00,0123 |  |  << mFsoTest.TestProc_PrivateProfile_File
24-01-30 00:26:30 01,6223 01,6223 |  << mPrivProfFileTest.Test_92_PrivateProfile_ValueNames
24-01-30 00:26:30 01,6223 01,6223 << End execution trace 
24-01-30 00:26:30                 Execution trace by 'Common VBA Execution Trace Service (mTrc)' (https://github.com/warbe-maker/VBA-Trace)
24-01-30 00:26:30                 Impact on the overall performance (caused by the trace itself): 0,5 milliseconds!
===========================================================================================================================================
24-01-30 00:26:39 Elapsed Length  Execution trace by 'Common VBA Execution Trace Service (mTrc)' (https://github.com/warbe-maker/VBA-Trace)
24-01-30 00:26:39 seconds seconds >> Begin execution trace 
24-01-30 00:26:39 00,0000         |  >> mPrivProfFileTest.Test_92_PrivateProfile_ValueNames
24-01-30 00:26:39 00,0015         |  |  >> mFsoTest.TestProc_PrivateProfile_File
24-01-30 00:26:39 00,0036 00,0021 |  |  << mFsoTest.TestProc_PrivateProfile_File
===========================================================================================================================================
24-01-30 13:42:18 Elapsed Length  Execution trace by 'Common VBA Execution Trace Service (mTrc)' (https://github.com/warbe-maker/VBA-Trace)
24-01-30 13:42:18 seconds seconds >> Begin execution trace 
24-01-30 13:42:18 00,0000         |  >> mPrivProfFileTest.Test_91_PrivateProfile_SectionsNames
24-01-30 13:42:59 41,4070         |  |  >> mFsoTest.TestProc_PrivateProfile_File
===========================================================================================================================================
24-01-30 13:55:49 Elapsed Length  Execution trace by 'Common VBA Execution Trace Service (mTrc)' (https://github.com/warbe-maker/VBA-Trace)
24-01-30 13:55:49 seconds seconds >> Begin execution trace 
24-01-30 13:55:49 00,0000         |  >> mPrivProfFileTest.Test_92_PrivateProfile_ValueNames
24-01-30 13:55:49 00,0020         |  |  >> mFsoTest.TestProc_PrivateProfile_File
24-01-30 13:55:49 00,0053 00,0033 |  |  << mFsoTest.TestProc_PrivateProfile_File
===========================================================================================================================================
24-01-30 14:07:40 Elapsed Length  Execution trace by 'Common VBA Execution Trace Service (mTrc)' (https://github.com/warbe-maker/VBA-Trace)
24-01-30 14:07:40 seconds seconds >> Begin execution trace 
24-01-30 14:07:40 00,0000         |  >> mPrivProfFileTest.Test_93_PrivateProfile_Value
24-01-30 14:07:40 00,0033         |  |  >> mFsoTest.TestProc_PrivateProfile_File
24-01-30 14:07:40 00,0060 00,0027 |  |  << mFsoTest.TestProc_PrivateProfile_File
===========================================================================================================================================
24-01-30 14:10:42 Elapsed Length  Execution trace by 'Common VBA Execution Trace Service (mTrc)' (https://github.com/warbe-maker/VBA-Trace)
24-01-30 14:10:42 seconds seconds >> Begin execution trace 
24-01-30 14:10:42 00,0000         |  >> mPrivProfFileTest.Test_93_PrivateProfile_Value
24-01-30 14:10:42 00,0017         |  |  >> mFsoTest.TestProc_PrivateProfile_File
24-01-30 14:10:42 00,0056 00,0039 |  |  << mFsoTest.TestProc_PrivateProfile_File
===========================================================================================================================================
24-01-30 14:11:20 Elapsed Length  Execution trace by 'Common VBA Execution Trace Service (mTrc)' (https://github.com/warbe-maker/VBA-Trace)
24-01-30 14:11:20 seconds seconds >> Begin execution trace 
24-01-30 14:11:20 00,0000         |  >> mPrivProfFileTest.Test_93_PrivateProfile_Value
24-01-30 14:11:20 00,0053         |  |  >> mFsoTest.TestProc_PrivateProfile_File
24-01-30 14:11:20 00,0136 00,0083 |  |  << mFsoTest.TestProc_PrivateProfile_File
===========================================================================================================================================
24-01-30 14:11:30 Elapsed Length  Execution trace by 'Common VBA Execution Trace Service (mTrc)' (https://github.com/warbe-maker/VBA-Trace)
24-01-30 14:11:30 seconds seconds >> Begin execution trace 
24-01-30 14:11:30 00,0000         |  >> mPrivProfFileTest.Test_93_PrivateProfile_Value
24-01-30 14:11:30 00,0016         |  |  >> mFsoTest.TestProc_PrivateProfile_File
24-01-30 14:11:30 00,0042 00,0025 |  |  << mFsoTest.TestProc_PrivateProfile_File
===========================================================================================================================================
24-01-30 14:17:31 Elapsed Length  Execution trace by 'Common VBA Execution Trace Service (mTrc)' (https://github.com/warbe-maker/VBA-Trace)
24-01-30 14:17:31 seconds seconds >> Begin execution trace 
24-01-30 14:17:31 00,0000         |  >> mPrivProfFileTest.Test_93_PrivateProfile_Value
24-01-30 14:17:31 00,0066         |  |  >> mFsoTest.TestProc_PrivateProfile_File
24-01-30 14:17:31 00,0124 00,0058 |  |  << mFsoTest.TestProc_PrivateProfile_File
===========================================================================================================================================
24-01-30 14:21:52 Elapsed Length  Execution trace by 'Common VBA Execution Trace Service (mTrc)' (https://github.com/warbe-maker/VBA-Trace)
24-01-30 14:21:52 seconds seconds >> Begin execution trace 
24-01-30 14:21:52 00,0000         |  >> mPrivProfFileTest.Test_91_PrivateProfile_SectionsNames
24-01-30 14:21:52 00,0023         |  |  >> mFsoTest.TestProc_PrivateProfile_File
24-01-30 14:21:52 00,0332 00,0309 |  |  << mFsoTest.TestProc_PrivateProfile_File
24-01-30 14:21:52 00,0340 00,0340 |  << mPrivProfFileTest.Test_91_PrivateProfile_SectionsNames
24-01-30 14:21:52 00,0340 00,0340 << End execution trace 
24-01-30 14:21:52                 Execution trace by 'Common VBA Execution Trace Service (mTrc)' (https://github.com/warbe-maker/VBA-Trace)
24-01-30 14:21:52                 Impact on the overall performance (caused by the trace itself): 0,3 milliseconds!
===========================================================================================================================================
24-01-30 14:27:28 Elapsed Length  Execution trace by 'Common VBA Execution Trace Service (mTrc)' (https://github.com/warbe-maker/VBA-Trace)
24-01-30 14:27:28 seconds seconds >> Begin execution trace 
24-01-30 14:27:28 00,0000         |  >> mPrivProfFileTest.Test_92_PrivateProfile_ValueNames
24-01-30 14:27:28 00,0030         |  |  >> mFsoTest.TestProc_PrivateProfile_File
24-01-30 14:27:28 00,0277 00,0246 |  |  << mFsoTest.TestProc_PrivateProfile_File
24-01-30 14:30:31 183,5584 183,5584 |  << mPrivProfFileTest.Test_92_PrivateProfile_ValueNames
24-01-30 14:30:31 183,5584 183,5584 << End execution trace 
24-01-30 14:30:31                 Execution trace by 'Common VBA Execution Trace Service (mTrc)' (https://github.com/warbe-maker/VBA-Trace)
24-01-30 14:30:31                 Impact on the overall performance (caused by the trace itself): 0,3 milliseconds!
===========================================================================================================================================
24-01-30 14:31:37 Elapsed Length  Execution trace by 'Common VBA Execution Trace Service (mTrc)' (https://github.com/warbe-maker/VBA-Trace)
24-01-30 14:31:37 seconds seconds >> Begin execution trace 
24-01-30 14:31:37 00,0000         |  >> mPrivProfFileTest.Test_93_PrivateProfile_Value
24-01-30 14:31:37 00,0044         |  |  >> mFsoTest.TestProc_PrivateProfile_File
24-01-30 14:31:37 00,0406 00,0362 |  |  << mFsoTest.TestProc_PrivateProfile_File
===========================================================================================================================================
24-01-30 14:31:58 Elapsed Length  Execution trace by 'Common VBA Execution Trace Service (mTrc)' (https://github.com/warbe-maker/VBA-Trace)
24-01-30 14:31:58 seconds seconds >> Begin execution trace 
24-01-30 14:31:58 00,0000         |  >> mPrivProfFileTest.Test_93_PrivateProfile_Value
24-01-30 14:31:58 00,0040         |  |  >> mFsoTest.TestProc_PrivateProfile_File
24-01-30 14:31:58 00,0429 00,0390 |  |  << mFsoTest.TestProc_PrivateProfile_File
===========================================================================================================================================
24-01-30 14:36:55 Elapsed Length  Execution trace by 'Common VBA Execution Trace Service (mTrc)' (https://github.com/warbe-maker/VBA-Trace)
24-01-30 14:36:55 seconds seconds >> Begin execution trace 
24-01-30 14:36:55 00,0000         |  >> mPrivProfFileTest.Test_93_PrivateProfile_Value
24-01-30 14:36:55 00,0042         |  |  >> mFsoTest.TestProc_PrivateProfile_File
24-01-30 14:36:55 00,0349 00,0308 |  |  << mFsoTest.TestProc_PrivateProfile_File
===========================================================================================================================================
24-01-30 14:38:18 Elapsed Length  Execution trace by 'Common VBA Execution Trace Service (mTrc)' (https://github.com/warbe-maker/VBA-Trace)
24-01-30 14:38:18 seconds seconds >> Begin execution trace 
24-01-30 14:38:18 00,0000         |  >> mPrivProfFileTest.Test_93_PrivateProfile_Value
24-01-30 14:38:18 00,0040         |  |  >> mFsoTest.TestProc_PrivateProfile_File
24-01-30 14:38:18 00,0386 00,0346 |  |  << mFsoTest.TestProc_PrivateProfile_File
===========================================================================================================================================
24-01-30 14:40:38 Elapsed Length  Execution trace by 'Common VBA Execution Trace Service (mTrc)' (https://github.com/warbe-maker/VBA-Trace)
24-01-30 14:40:38 seconds seconds >> Begin execution trace 
24-01-30 14:40:38 00,0000         |  >> mPrivProfFileTest.Test_93_PrivateProfile_Value
24-01-30 14:40:38 00,0037         |  |  >> mFsoTest.TestProc_PrivateProfile_File
24-01-30 14:40:38 00,0336 00,0299 |  |  << mFsoTest.TestProc_PrivateProfile_File
===========================================================================================================================================
24-01-30 14:46:07 Elapsed Length  Execution trace by 'Common VBA Execution Trace Service (mTrc)' (https://github.com/warbe-maker/VBA-Trace)
24-01-30 14:46:07 seconds seconds >> Begin execution trace 
24-01-30 14:46:07 00,0000         |  >> mPrivProfFileTest.Test_93_PrivateProfile_Value
24-01-30 14:46:07 00,0026         |  |  >> mFsoTest.TestProc_PrivateProfile_File
24-01-30 14:46:07 00,0322 00,0297 |  |  << mFsoTest.TestProc_PrivateProfile_File
24-01-30 14:46:13 03,8761 03,8761 |  << mPrivProfFileTest.Test_93_PrivateProfile_Value (VB-Runtime Error 91 )
24-01-30 14:46:13 03,8761 03,8761 << End execution trace 
24-01-30 14:46:13                 Execution trace by 'Common VBA Execution Trace Service (mTrc)' (https://github.com/warbe-maker/VBA-Trace)
24-01-30 14:46:13                 Impact on the overall performance (caused by the trace itself): 0,3 milliseconds!
===========================================================================================================================================
24-01-30 14:47:06 Elapsed Length  Execution trace by 'Common VBA Execution Trace Service (mTrc)' (https://github.com/warbe-maker/VBA-Trace)
24-01-30 14:47:06 seconds seconds >> Begin execution trace 
24-01-30 14:47:06 00,0000         |  >> mPrivProfFileTest.Test_93_PrivateProfile_Value
24-01-30 14:47:06 00,0018         |  |  >> mFsoTest.TestProc_PrivateProfile_File
24-01-30 14:47:06 00,0306 00,0288 |  |  << mFsoTest.TestProc_PrivateProfile_File
24-01-30 14:48:08 60,5382 60,5382 |  << mPrivProfFileTest.Test_93_PrivateProfile_Value (VB-Runtime Error 91 )
24-01-30 14:48:08 60,5382 60,5382 << End execution trace 
24-01-30 14:48:08                 Execution trace by 'Common VBA Execution Trace Service (mTrc)' (https://github.com/warbe-maker/VBA-Trace)
24-01-30 14:48:08                 Impact on the overall performance (caused by the trace itself): 0,3 milliseconds!
===========================================================================================================================================
24-01-30 14:52:05 Elapsed Length  Execution trace by 'Common VBA Execution Trace Service (mTrc)' (https://github.com/warbe-maker/VBA-Trace)
24-01-30 14:52:05 seconds seconds >> Begin execution trace 
24-01-30 14:52:05 00,0000         |  >> mPrivProfFileTest.Test_93_PrivateProfile_Value
24-01-30 14:52:05 00,0021         |  |  >> mFsoTest.TestProc_PrivateProfile_File
24-01-30 14:52:05 00,0303 00,0282 |  |  << mFsoTest.TestProc_PrivateProfile_File
===========================================================================================================================================
24-01-30 14:52:19 Elapsed Length  Execution trace by 'Common VBA Execution Trace Service (mTrc)' (https://github.com/warbe-maker/VBA-Trace)
24-01-30 14:52:19 seconds seconds >> Begin execution trace 
24-01-30 14:52:19 00,0000         |  >> mPrivProfFileTest.Test_93_PrivateProfile_Value
24-01-30 14:52:19 00,0047         |  |  >> mFsoTest.TestProc_PrivateProfile_File
24-01-30 14:52:19 00,0336 00,0289 |  |  << mFsoTest.TestProc_PrivateProfile_File
===========================================================================================================================================
24-01-30 14:53:31 Elapsed Length  Execution trace by 'Common VBA Execution Trace Service (mTrc)' (https://github.com/warbe-maker/VBA-Trace)
24-01-30 14:53:31 seconds seconds >> Begin execution trace 
24-01-30 14:53:31 00,0000         |  >> mPrivProfFileTest.Test_93_PrivateProfile_Value
24-01-30 14:53:31 00,0073         |  |  >> mFsoTest.TestProc_PrivateProfile_File
24-01-30 14:53:31 00,0574 00,0501 |  |  << mFsoTest.TestProc_PrivateProfile_File
===========================================================================================================================================
24-01-30 14:55:22 Elapsed Length  Execution trace by 'Common VBA Execution Trace Service (mTrc)' (https://github.com/warbe-maker/VBA-Trace)
24-01-30 14:55:22 seconds seconds >> Begin execution trace 
24-01-30 14:55:22 00,0000         |  >> mPrivProfFileTest.Test_93_PrivateProfile_Value
24-01-30 14:55:22 00,0035         |  |  >> mFsoTest.TestProc_PrivateProfile_File
24-01-30 14:55:22 00,0343 00,0308 |  |  << mFsoTest.TestProc_PrivateProfile_File
===========================================================================================================================================
24-01-30 14:55:30 Elapsed Length  Execution trace by 'Common VBA Execution Trace Service (mTrc)' (https://github.com/warbe-maker/VBA-Trace)
24-01-30 14:55:30 seconds seconds >> Begin execution trace 
24-01-30 14:55:30 00,0000         |  >> mPrivProfFileTest.Test_93_PrivateProfile_Value
24-01-30 14:55:30 00,0057         |  |  >> mFsoTest.TestProc_PrivateProfile_File
24-01-30 14:55:30 00,0482 00,0425 |  |  << mFsoTest.TestProc_PrivateProfile_File
===========================================================================================================================================
24-01-30 14:55:45 Elapsed Length  Execution trace by 'Common VBA Execution Trace Service (mTrc)' (https://github.com/warbe-maker/VBA-Trace)
24-01-30 14:55:45 seconds seconds >> Begin execution trace 
24-01-30 14:55:45 00,0000         |  >> mPrivProfFileTest.Test_93_PrivateProfile_Value
24-01-30 14:55:45 00,0036         |  |  >> mFsoTest.TestProc_PrivateProfile_File
24-01-30 14:55:45 00,0269 00,0233 |  |  << mFsoTest.TestProc_PrivateProfile_File
===========================================================================================================================================
24-01-30 14:56:58 Elapsed Length  Execution trace by 'Common VBA Execution Trace Service (mTrc)' (https://github.com/warbe-maker/VBA-Trace)
24-01-30 14:56:58 seconds seconds >> Begin execution trace 
24-01-30 14:56:58 00,0000         |  >> mPrivProfFileTest.Test_93_PrivateProfile_Value
24-01-30 14:56:58 00,0049         |  |  >> mFsoTest.TestProc_PrivateProfile_File
24-01-30 14:56:58 00,0404 00,0355 |  |  << mFsoTest.TestProc_PrivateProfile_File
24-01-30 14:57:22 24,2961 24,2961 |  << mPrivProfFileTest.Test_93_PrivateProfile_Value
24-01-30 14:57:22 24,2961 24,2961 << End execution trace 
24-01-30 14:57:22                 Execution trace by 'Common VBA Execution Trace Service (mTrc)' (https://github.com/warbe-maker/VBA-Trace)
24-01-30 14:57:22                 Impact on the overall performance (caused by the trace itself): 0,3 milliseconds!
===========================================================================================================================================
24-01-30 15:04:16 Elapsed Length  Execution trace by 'Common VBA Execution Trace Service (mTrc)' (https://github.com/warbe-maker/VBA-Trace)
24-01-30 15:04:16 seconds seconds >> Begin execution trace 
24-01-30 15:04:16 00,0000         |  >> mPrivProfFileTest.Test_94_PrivateProfile_Values
24-01-30 15:04:16 00,0020         |  |  >> mFsoTest.TestProc_PrivateProfile_File
24-01-30 15:04:16 00,0270 00,0251 |  |  << mFsoTest.TestProc_PrivateProfile_File
===========================================================================================================================================
24-01-30 15:05:00 Elapsed Length  Execution trace by 'Common VBA Execution Trace Service (mTrc)' (https://github.com/warbe-maker/VBA-Trace)
24-01-30 15:05:00 seconds seconds >> Begin execution trace 
24-01-30 15:05:00 00,0000         |  >> mPrivProfFileTest.Test_94_PrivateProfile_Values
24-01-30 15:05:00 00,0016         |  |  >> mFsoTest.TestProc_PrivateProfile_File
24-01-30 15:05:00 00,0244 00,0228 |  |  << mFsoTest.TestProc_PrivateProfile_File
===========================================================================================================================================
24-01-30 15:06:08 Elapsed Length  Execution trace by 'Common VBA Execution Trace Service (mTrc)' (https://github.com/warbe-maker/VBA-Trace)
24-01-30 15:06:08 seconds seconds >> Begin execution trace 
24-01-30 15:06:08 00,0000         |  >> mPrivProfFileTest.Test_94_PrivateProfile_Values
24-01-30 15:06:08 00,0075         |  |  >> mFsoTest.TestProc_PrivateProfile_File
24-01-30 15:06:08 00,0410 00,0335 |  |  << mFsoTest.TestProc_PrivateProfile_File
===========================================================================================================================================
24-01-30 15:06:38 Elapsed Length  Execution trace by 'Common VBA Execution Trace Service (mTrc)' (https://github.com/warbe-maker/VBA-Trace)
24-01-30 15:06:38 seconds seconds >> Begin execution trace 
24-01-30 15:06:38 00,0000         |  >> mPrivProfFileTest.Test_94_PrivateProfile_Values
24-01-30 15:06:38 00,0015         |  |  >> mFsoTest.TestProc_PrivateProfile_File
24-01-30 15:06:38 00,0398 00,0383 |  |  << mFsoTest.TestProc_PrivateProfile_File
===========================================================================================================================================
24-01-30 15:07:35 Elapsed Length  Execution trace by 'Common VBA Execution Trace Service (mTrc)' (https://github.com/warbe-maker/VBA-Trace)
24-01-30 15:07:35 seconds seconds >> Begin execution trace 
24-01-30 15:07:35 00,0000         |  >> mPrivProfFileTest.Test_94_PrivateProfile_Values
24-01-30 15:07:35 00,0046         |  |  >> mFsoTest.TestProc_PrivateProfile_File
24-01-30 15:07:35 00,0347 00,0301 |  |  << mFsoTest.TestProc_PrivateProfile_File
===========================================================================================================================================
24-01-30 15:08:47 Elapsed Length  Execution trace by 'Common VBA Execution Trace Service (mTrc)' (https://github.com/warbe-maker/VBA-Trace)
24-01-30 15:08:47 seconds seconds >> Begin execution trace 
24-01-30 15:08:47 00,0000         |  >> mPrivProfFileTest.Test_94_PrivateProfile_Values
24-01-30 15:08:47 00,0030         |  |  >> mFsoTest.TestProc_PrivateProfile_File
24-01-30 15:08:47 00,0377 00,0347 |  |  << mFsoTest.TestProc_PrivateProfile_File
===========================================================================================================================================
24-01-30 15:10:20 Elapsed Length  Execution trace by 'Common VBA Execution Trace Service (mTrc)' (https://github.com/warbe-maker/VBA-Trace)
24-01-30 15:10:20 seconds seconds >> Begin execution trace 
24-01-30 15:10:20 00,0000         |  >> mPrivProfFileTest.Test_94_PrivateProfile_Values
24-01-30 15:10:20 00,0018         |  |  >> mFsoTest.TestProc_PrivateProfile_File
24-01-30 15:10:20 00,0302 00,0284 |  |  << mFsoTest.TestProc_PrivateProfile_File
===========================================================================================================================================
24-01-30 15:13:07 Elapsed Length  Execution trace by 'Common VBA Execution Trace Service (mTrc)' (https://github.com/warbe-maker/VBA-Trace)
24-01-30 15:13:07 seconds seconds >> Begin execution trace 
24-01-30 15:13:07 00,0000         |  >> mPrivProfFileTest.Test_94_PrivateProfile_Values
24-01-30 15:13:07 00,0112         |  |  >> mFsoTest.TestProc_PrivateProfile_File
24-01-30 15:13:07 00,0434 00,0321 |  |  << mFsoTest.TestProc_PrivateProfile_File
===========================================================================================================================================
24-01-30 15:16:00 Elapsed Length  Execution trace by 'Common VBA Execution Trace Service (mTrc)' (https://github.com/warbe-maker/VBA-Trace)
24-01-30 15:16:00 seconds seconds >> Begin execution trace 
24-01-30 15:16:00 00,0000         |  >> mPrivProfFileTest.Test_94_PrivateProfile_Values
24-01-30 15:16:00 00,0062         |  |  >> mFsoTest.TestProc_PrivateProfile_File
24-01-30 15:16:00 00,0348 00,0286 |  |  << mFsoTest.TestProc_PrivateProfile_File
===========================================================================================================================================
24-01-30 15:16:20 Elapsed Length  Execution trace by 'Common VBA Execution Trace Service (mTrc)' (https://github.com/warbe-maker/VBA-Trace)
24-01-30 15:16:20 seconds seconds >> Begin execution trace 
24-01-30 15:16:20 00,0000         |  >> mPrivProfFileTest.Test_94_PrivateProfile_Values
24-01-30 15:16:20 00,0017         |  |  >> mFsoTest.TestProc_PrivateProfile_File
24-01-30 15:16:20 00,0311 00,0295 |  |  << mFsoTest.TestProc_PrivateProfile_File
===========================================================================================================================================
24-01-30 15:16:42 Elapsed Length  Execution trace by 'Common VBA Execution Trace Service (mTrc)' (https://github.com/warbe-maker/VBA-Trace)
24-01-30 15:16:42 seconds seconds >> Begin execution trace 
24-01-30 15:16:42 00,0000         |  >> mPrivProfFileTest.Test_94_PrivateProfile_Values
24-01-30 15:16:42 00,0048         |  |  >> mFsoTest.TestProc_PrivateProfile_File
24-01-30 15:16:42 00,0351 00,0303 |  |  << mFsoTest.TestProc_PrivateProfile_File
===========================================================================================================================================
24-01-30 15:17:50 Elapsed Length  Execution trace by 'Common VBA Execution Trace Service (mTrc)' (https://github.com/warbe-maker/VBA-Trace)
24-01-30 15:17:50 seconds seconds >> Begin execution trace 
24-01-30 15:17:50 00,0000         |  >> mPrivProfFileTest.Test_94_PrivateProfile_Values
24-01-30 15:17:50 00,0057         |  |  >> mFsoTest.TestProc_PrivateProfile_File
24-01-30 15:17:51 00,0399 00,0342 |  |  << mFsoTest.TestProc_PrivateProfile_File
===========================================================================================================================================
24-01-30 15:19:03 Elapsed Length  Execution trace by 'Common VBA Execution Trace Service (mTrc)' (https://github.com/warbe-maker/VBA-Trace)
24-01-30 15:19:03 seconds seconds >> Begin execution trace 
24-01-30 15:19:03 00,0000         |  >> mPrivProfFileTest.Test_94_PrivateProfile_Values
24-01-30 15:19:03 00,0043         |  |  >> mFsoTest.TestProc_PrivateProfile_File
24-01-30 15:19:03 00,0458 00,0415 |  |  << mFsoTest.TestProc_PrivateProfile_File
24-01-30 15:19:03 00,0490 00,0490 |  << mPrivProfFileTest.Test_94_PrivateProfile_Values
24-01-30 15:19:03 00,0490 00,0490 << End execution trace 
24-01-30 15:19:03                 Execution trace by 'Common VBA Execution Trace Service (mTrc)' (https://github.com/warbe-maker/VBA-Trace)
24-01-30 15:19:03                 Impact on the overall performance (caused by the trace itself): 0,3 milliseconds!
===========================================================================================================================================
24-01-30 15:25:19 Elapsed Length  Execution trace by 'Common VBA Execution Trace Service (mTrc)' (https://github.com/warbe-maker/VBA-Trace)
24-01-30 15:25:19 seconds seconds >> Begin execution trace 
24-01-30 15:25:19 00,0000         |  >> mPrivProfFileTest.Test_96_PrivateProfile_Entry_Exists
24-01-30 15:25:33 13,9912         |  |  >> mFsoTest.TestProc_PrivateProfile_File
24-01-30 15:25:33 14,0234 00,0322 |  |  << mFsoTest.TestProc_PrivateProfile_File
24-01-30 15:25:33 14,0309 14,0309 |  << mPrivProfFileTest.Test_96_PrivateProfile_Entry_Exists
24-01-30 15:25:33 14,0309 14,0309 << End execution trace 
24-01-30 15:25:33                 Execution trace by 'Common VBA Execution Trace Service (mTrc)' (https://github.com/warbe-maker/VBA-Trace)
24-01-30 15:25:33                 Impact on the overall performance (caused by the trace itself): 0,3 milliseconds!
===========================================================================================================================================
24-01-30 15:26:43 Elapsed Length  Execution trace by 'Common VBA Execution Trace Service (mTrc)' (https://github.com/warbe-maker/VBA-Trace)
24-01-30 15:26:43 seconds seconds >> Begin execution trace 
24-01-30 15:26:43 00,0000         |  >> mPrivProfFileTest.Test_97_PrivateProfile_SectionsCopy
24-01-30 15:26:43 00,0016         |  |  >> mFsoTest.TestProc_PrivateProfile_File
24-01-30 15:26:43 00,0316 00,0299 |  |  << mFsoTest.TestProc_PrivateProfile_File
===========================================================================================================================================
24-01-30 15:26:56 Elapsed Length  Execution trace by 'Common VBA Execution Trace Service (mTrc)' (https://github.com/warbe-maker/VBA-Trace)
24-01-30 15:26:56 seconds seconds >> Begin execution trace 
24-01-30 15:26:56 00,0000         |  >> mPrivProfFileTest.Test_97_PrivateProfile_SectionsCopy
24-01-30 15:26:56 00,0030         |  |  >> mFsoTest.TestProc_PrivateProfile_File
24-01-30 15:26:56 00,0415 00,0385 |  |  << mFsoTest.TestProc_PrivateProfile_File
===========================================================================================================================================
24-01-30 15:32:18 Elapsed Length  Execution trace by 'Common VBA Execution Trace Service (mTrc)' (https://github.com/warbe-maker/VBA-Trace)
24-01-30 15:32:18 seconds seconds >> Begin execution trace 
24-01-30 15:32:18 00,0000         |  >> mPrivProfFileTest.Test_97_PrivateProfile_SectionsCopy
24-01-30 15:32:18 00,0053         |  |  >> mFsoTest.TestProc_PrivateProfile_File
24-01-30 15:32:18 00,0376 00,0323 |  |  << mFsoTest.TestProc_PrivateProfile_File
24-01-30 15:35:33 193,7329 193,7329 |  << mPrivProfFileTest.Test_97_PrivateProfile_SectionsCopy (VB-Runtime Error 9 )
24-01-30 15:35:33 193,7329 193,7329 << End execution trace 
24-01-30 15:35:33                 Execution trace by 'Common VBA Execution Trace Service (mTrc)' (https://github.com/warbe-maker/VBA-Trace)
24-01-30 15:35:33                 Impact on the overall performance (caused by the trace itself): 0,3 milliseconds!
===========================================================================================================================================
24-01-30 15:39:28 Elapsed Length  Execution trace by 'Common VBA Execution Trace Service (mTrc)' (https://github.com/warbe-maker/VBA-Trace)
24-01-30 15:39:28 seconds seconds >> Begin execution trace 
24-01-30 15:39:28 00,0000         |  >> mPrivProfFileTest.Test_97_PrivateProfile_SectionsCopy
24-01-30 15:39:28 00,0033         |  |  >> mFsoTest.TestProc_PrivateProfile_File
24-01-30 15:39:28 00,0331 00,0297 |  |  << mFsoTest.TestProc_PrivateProfile_File
24-01-30 15:39:41 13,2862         |  |  >> mFsoTest.TestProc_PrivateProfile_File
24-01-30 15:39:41 13,3090 00,0228 |  |  << mFsoTest.TestProc_PrivateProfile_File
24-01-30 15:40:02 34,2448 34,2448 |  << mPrivProfFileTest.Test_97_PrivateProfile_SectionsCopy
24-01-30 15:40:02 34,2448 34,2448 << End execution trace 
24-01-30 15:40:02                 Execution trace by 'Common VBA Execution Trace Service (mTrc)' (https://github.com/warbe-maker/VBA-Trace)
24-01-30 15:40:02                 Impact on the overall performance (caused by the trace itself): 0,3 milliseconds!
===========================================================================================================================================
24-01-30 15:42:48 Elapsed Length  Execution trace by 'Common VBA Execution Trace Service (mTrc)' (https://github.com/warbe-maker/VBA-Trace)
24-01-30 15:42:48 seconds seconds >> Begin execution trace 
24-01-30 15:42:48 00,0000         |  >> mPrivProfFileTest.Test_98_PrivateProfile_Reorg
24-01-30 15:42:48 00,0020         |  |  >> mFsoTest.TestProc_PrivateProfile_File
24-01-30 15:42:48 00,0238 00,0218 |  |  << mFsoTest.TestProc_PrivateProfile_File
===========================================================================================================================================
24-01-30 15:44:29 Elapsed Length  Execution trace by 'Common VBA Execution Trace Service (mTrc)' (https://github.com/warbe-maker/VBA-Trace)
24-01-30 15:44:29 seconds seconds >> Begin execution trace 
24-01-30 15:44:29 00,0000         |  >> mPrivProfFileTest.Test_98_PrivateProfile_Reorg
24-01-30 15:44:29 00,0100         |  |  >> mFsoTest.TestProc_PrivateProfile_File
24-01-30 15:44:29 00,0460 00,0360 |  |  << mFsoTest.TestProc_PrivateProfile_File
===========================================================================================================================================
24-01-30 15:46:41 Elapsed Length  Execution trace by 'Common VBA Execution Trace Service (mTrc)' (https://github.com/warbe-maker/VBA-Trace)
24-01-30 15:46:41 seconds seconds >> Begin execution trace 
24-01-30 15:46:41 00,0000         |  >> mPrivProfFileTest.Test_98_PrivateProfile_Reorg
24-01-30 15:46:44 02,8664         |  |  >> mFsoTest.TestProc_PrivateProfile_File
24-01-30 15:46:44 02,8988 00,0324 |  |  << mFsoTest.TestProc_PrivateProfile_File
24-01-30 15:54:38 476,5922 476,5922 |  << mPrivProfFileTest.Test_98_PrivateProfile_Reorg
24-01-30 15:54:38 476,5922 476,5922 << End execution trace 
24-01-30 15:54:38                 Execution trace by 'Common VBA Execution Trace Service (mTrc)' (https://github.com/warbe-maker/VBA-Trace)
24-01-30 15:54:38                 Impact on the overall performance (caused by the trace itself): 0,3 milliseconds!
===========================================================================================================================================
24-01-30 15:55:59 Elapsed Length  Execution trace by 'Common VBA Execution Trace Service (mTrc)' (https://github.com/warbe-maker/VBA-Trace)
24-01-30 15:55:59 seconds seconds >> Begin execution trace 
24-01-30 15:55:59 00,0000         |  >> mPrivProfFileTest.Test_99_PrivateProfile_NoFileProvided
24-01-30 15:55:59 00,0027         |  |  >> mFsoTest.TestProc_PrivateProfile_File
24-01-30 15:55:59 00,0271 00,0245 |  |  << mFsoTest.TestProc_PrivateProfile_File
24-01-30 15:55:59 00,0824 00,0824 |  << mPrivProfFileTest.Test_99_PrivateProfile_NoFileProvided
24-01-30 15:55:59 00,0824 00,0824 << End execution trace 
24-01-30 15:55:59                 Execution trace by 'Common VBA Execution Trace Service (mTrc)' (https://github.com/warbe-maker/VBA-Trace)
24-01-30 15:55:59                 Impact on the overall performance (caused by the trace itself): 0,3 milliseconds!
===========================================================================================================================================
24-01-30 15:56:32 Elapsed Length  Execution trace by 'Common VBA Execution Trace Service (mTrc)' (https://github.com/warbe-maker/VBA-Trace)
24-01-30 15:56:32 seconds seconds >> Begin execution trace 
24-01-30 15:56:32 00,0000         |  >> mPrivProfFileTest.Test_99_PrivateProfile_NoFileProvided
24-01-30 15:56:32 00,0030         |  >> mFsoTest.TestProc_PrivateProfile_File
24-01-30 15:56:32 00,0317 00,0286 |  << mFsoTest.TestProc_PrivateProfile_File
24-01-30 15:56:51 19,0454 19,0454 << mPrivProfFileTest.Test_99_PrivateProfile_NoFileProvided
24-01-30 15:56:51 19,0454 19,0454 << End execution trace 
24-01-30 15:56:51                 Execution trace by 'Common VBA Execution Trace Service (mTrc)' (https://github.com/warbe-maker/VBA-Trace)
24-01-30 15:56:51                 Impact on the overall performance (caused by the trace itself): 0,3 milliseconds!
