24-08-03-23:38:51 ------------------------------------------------ Update Outdated Common Components (by CompMan.xlsb) for Fso.xlsb -------------------------------------------------
24-08-03-23:38:51 -------------------------------------------------------------------------------------------------------------------------------------------------------------------
24-08-03-23:38:51  Standard-Module  mTrc_RnmdByCom  Component is up-to-date! Revision-Number has been set to to 2024-08-03 09:40:40 (UTC) (the raw's in the Common Components Folder)
24-08-03-23:38:51                                   Used Common Component is up-to-date                         
24-08-03-23:38:51  Standard-Module  mMsg_RnmdByCom  Component is up-to-date! Revision-Number has been set to to 2024-08-03 19:04:42 (UTC) (the raw's in the Common Components Folder)
24-08-03-23:38:51                                   Used Common Component is up-to-date                         
24-08-03-23:40:47 ===================================================================================================================================================================
24-08-03-23:40:47 ------------------------------------------------ Update Outdated Common Components (by CompMan.xlsb) for Fso.xlsb -------------------------------------------------
24-08-03-23:40:47 -------------------------------------------------------------------------------------------------------------------------------------------------------------------
24-08-03-23:40:47  Standard-Module  mTrc            Component is up-to-date! Revision-Number has been set to to 2024-08-03 09:40:40 (UTC) (the raw's in the Common Components Folder)
24-08-03-23:40:47                                   Used Common Component is up-to-date                         
24-08-03-23:40:48  Standard-Module  mMsg            Component is up-to-date! Revision-Number has been set to to 2024-08-03 19:04:42 (UTC) (the raw's in the Common Components Folder)
24-08-03-23:40:48                                   Used Common Component is up-to-date                         
24-08-03-23:40:54  Standard-Module  mFso            Component is up-to-date! Revision-Number has been set to to 2024-08-01 12:23:23 (UTC) (the raw's in the Common Components Folder)
24-08-03-23:40:54                                   Used Common Component is up-to-date                         
24-08-03-23:40:54  Standard-Module  mErH            Component is up-to-date! Revision-Number has been set to to 2024-08-02 14:11:11 (UTC) (the raw's in the Common Components Folder)
24-08-03-23:40:54                                   Used Common Component is up-to-date                         
24-08-03-23:40:54  Standard-Module  mDct            Component is up-to-date! Revision-Number has been set to to 2024-08-01 12:23:24 (UTC) (the raw's in the Common Components Folder)
24-08-03-23:40:54                                   Used Common Component is up-to-date                         
24-08-03-23:40:54  UserForm         fMsg            Component is up-to-date! Revision-Number has been set to to 2024-08-01 12:23:24 (UTC) (the raw's in the Common Components Folder)
24-08-03-23:40:54                                   Used Common Component is up-to-date                         
24-08-03-23:40:54  Standard-Module  mCompManClient  Component is up-to-date! Revision-Number has been set to to 2024-08-01 12:23:22 (UTC) (the raw's in the Common Components Folder)
24-08-03-23:40:54                                   Used Common Component is up-to-date                         
24-08-03-23:40:54  Class-Module     clsTestAid      Component is up-to-date! Revision-Number has been set to to 2024-08-03 20:33:07 (UTC) (the raw's in the Common Components Folder)
24-08-03-23:40:54                                   Used Common Component is up-to-date                         
24-08-03-23:40:54  Class-Module     clsLog          Component is up-to-date! Revision-Number has been set to to 2024-08-02 20:46:37 (UTC) (the raw's in the Common Components Folder)
24-08-03-23:40:54                                   Used Common Component is up-to-date                         
24-08-03-23:40:54 UpdateOutdatedCommonComponents (by CompMan.xlsb) for Fso.xlsb: 0 of 9 outdated  (see Services.log for log details)
24-08-03-23:41:05 ============================================================================================================
24-08-03-23:41:05 ------------------------- Export Changed Components (by CompMan.xlsb) for Fso.xlsb -------------------------
24-08-03-23:41:05 ------------------------------------------------------------------------------------------------------------
24-08-03-23:41:05 ExportChangedComponents (by CompMan.xlsb) for Fso.xlsb: 0 of 12 exported  (see Services.log for log details)
24-08-03-23:58:54 ==============================================================================================
24-08-03-23:58:54 ------------------ Export Changed Components (by CompMan.xlsb) for Fso.xlsb ------------------
24-08-03-23:58:54 ----------------------------------------------------------------------------------------------
24-08-03-23:58:54  Standard-Module  mFsoTest        Code differs from last export or no Export-File!            
24-08-03-23:58:54                                   Modified VBComponent e x p o r t e d !                      
24-08-03-23:58:55  Standard-Module  mFso            Code differs from last export or no Export-File!            
24-08-03-23:58:55                                   Modified Common Component: e x p o r t e d !                
24-08-03-23:58:55                                   Modified Common Component: Last modification info changed from "2024-08-01 12:23:23 (UTC)" to "2024-08-03 21:58:55 (UTC)"
24-08-03-23:58:55  Class-Module     clsTestAid      Code differs from last export or no Export-File!            
24-08-03-23:58:56                                   Modified Common Component: e x p o r t e d !                
24-08-03-23:58:56                                   Modified Common Component: Last modification info changed from "2024-08-03 20:33:07 (UTC)" to "2024-08-03 21:58:55 (UTC)"
24-08-03-23:58:56 ExportChangedComponents (by CompMan.xlsb) for Fso.xlsb: 3 of 12 exported (mFsoTest, mFso, clsTestAid)  (see Services.log for log details)
24-08-03-23:59:07 ================================================================================================
24-08-03-23:59:07  Standard-Module  mFso...........:  Modified Common Component: Release registered pending       
24-08-03-23:59:07  Class-Module     clsTestAid.....:  Modified Common Component: Release registered pending       
24-08-03-23:59:08 =====================================================================================================================================================================
24-08-03-23:59:08 ----------------------------------------------------- Export Changed Components (by CompMan.xlsb) for Fso.xlsb ------------------------------------------------------
24-08-03-23:59:08 ---------------------------------------------------------------------------------------------------------------------------------------------------------------------
24-08-03-23:59:08 ExportChangedComponents (by CompMan.xlsb) for Fso.xlsb: 0 of 12 exported, 2 Common Component modifications still pending release!  (see Services.log for log details)
24-10-10-13:16:39 ==============================================================================================
24-10-10-13:16:39 -------------- Update Outdated Common Components (by CompMan.xlsb) for Fso.xlsb --------------
24-10-10-13:16:39 ----------------------------------------------------------------------------------------------
24-10-10-13:16:39  Standard-Module  mTrc            Serviced Common Component used is up-to-date                
24-10-10-13:16:39  Standard-Module  mFso            Serviced Common Component used is up-to-date                
24-10-10-13:16:39  Standard-Module  mErH            Serviced Common Component used is up-to-date                
24-10-10-13:16:39  Standard-Module  mDct            Serviced Common Component used is up-to-date                
24-10-10-13:16:40  UserForm         fMsg            Serviced Common Component used is up-to-date                
24-10-10-13:16:44  Standard-Module  mMsg            Serviced Common Component updated by re-import of the public Export-File from the Common-Components folder.
24-10-10-13:16:47  Standard-Module  mCompManClient  Serviced Common Component updated by re-import of the public Export-File from the Common-Components folder.
24-10-10-13:16:50  Class-Module     clsTestAid      Serviced Common Component updated by re-import of the public Export-File from the Common-Components folder.
24-10-10-13:16:53  Class-Module     clsLog          Serviced Common Component updated by re-import of the public Export-File from the Common-Components folder.
24-10-10-13:30:51 ==============================================================================================
24-10-10-13:30:51 -------------- Update Outdated Common Components (by CompMan.xlsb) for Fso.xlsb --------------
24-10-10-13:30:51 ----------------------------------------------------------------------------------------------
24-10-10-13:30:51  Standard-Module  mTrc            Serviced Common Component used is up-to-date                
24-10-10-13:30:51  Standard-Module  mFso            Serviced Common Component used is up-to-date                
24-10-10-13:30:51  Standard-Module  mErH            Serviced Common Component used is up-to-date                
24-10-10-13:30:51  Standard-Module  mDct            Serviced Common Component used is up-to-date                
24-10-10-13:30:51  UserForm         fMsg            Serviced Common Component used is up-to-date                
24-10-10-13:30:51  Standard-Module  mMsg            Serviced Common Component used is up-to-date                
24-10-10-13:30:51  Standard-Module  mCompManClient  Serviced Common Component used is up-to-date                
24-10-10-13:30:51  Class-Module     clsTestAid      Serviced Common Component used is up-to-date                
24-10-10-13:30:52  Class-Module     clsLog          Serviced Common Component used is up-to-date                
24-10-10-13:31:58 ==============================================================================================
24-10-10-13:31:58 -------------- Update Outdated Common Components (by CompMan.xlsb) for Fso.xlsb --------------
24-10-10-13:31:58 ----------------------------------------------------------------------------------------------
24-10-10-13:31:58  Standard-Module  mTrc            Serviced Common Component used is up-to-date                
24-10-10-13:31:58  Standard-Module  mFso            Serviced Common Component used is up-to-date                
24-10-10-13:31:59  Standard-Module  mErH            Serviced Common Component used is up-to-date                
24-10-10-13:31:59  Standard-Module  mDct            Serviced Common Component used is up-to-date                
24-10-10-13:31:59  UserForm         fMsg            Serviced Common Component used is up-to-date                
24-10-10-13:31:59  Standard-Module  mMsg            Serviced Common Component used is up-to-date                
24-10-10-13:31:59  Standard-Module  mCompManClient  Serviced Common Component used is up-to-date                
24-10-10-13:31:59  Class-Module     clsLog          Serviced Common Component used is up-to-date                
24-10-10-13:32:03  Class-Module     clsTestAid      Serviced Common Component updated by re-import of the public Export-File from the Common-Components folder.
24-10-10-15:35:31 ==============================================================================================
24-10-10-15:35:31 ------------------ Export Changed Components (by CompMan.xlsb) for Fso.xlsb ------------------
24-10-10-15:35:31 ----------------------------------------------------------------------------------------------
24-10-10-15:35:31  Standard-Module  mFsoTest        Modified VBComponent e x p o r t e d !                      
24-10-10-15:35:32  Class-Module     clsTestAid      Modified Common Component: Release registered pending       
24-10-10-15:35:32                                   Serviced Common Component modified: E x p o r t e d !       
24-10-10-15:35:32                                   Serviced Common Component modified: Properties in CommComps.dat updated
24-10-10-15:35:32                                   Serviced Common Component modified: Registered pending release
24-10-10-15:35:32 ExportChangedComponents (by CompMan.xlsb) for Fso.xlsb: 2 of 12 exported (mFsoTest, clsTestAid)     See the VBE CompMan menu for 1 Common Component is pending release!  (see Services.log for log details)
