25-02-22-23:16:06  Standard-Module  mFso...........:  Serviced Common Component properties housekeeping:           
25-02-22-23:16:06                                     Serviced Common Component's Export-File meets public: Properties set equal public 
25-02-22-23:16:07  Standard-Module  mMsg...........:  Serviced Common Component properties housekeeping:                                
25-02-22-23:16:07                                     Serviced Common Component's Export-File meets public: Properties set equal public 
25-02-22-23:16:07  Standard-Module  mTrc...........:  Serviced Common Component properties housekeeping:                                
25-02-22-23:16:07                                     Serviced Common Component's Export-File meets public: Properties set equal public 
25-02-22-23:16:07  Standard-Module  mFsoTest.......:  Modified VBComponent e x p o r t e d !                                            
25-02-24-08:52:15 =================================================================================================
25-02-24-08:52:15  Standard-Module  mFso...........:  Serviced Common Component properties housekeeping:           
25-02-24-08:52:15                                     Serviced Common Component's Export-File meets public: Properties set equal public 
25-02-24-08:52:15  Standard-Module  mMsg...........:  Serviced Common Component properties housekeeping:                                
25-02-24-08:52:15                                     Serviced Common Component's Export-File meets public: Properties set equal public 
25-02-24-08:52:15  Standard-Module  mTrc...........:  Serviced Common Component properties housekeeping:                                
25-02-24-08:52:15                                     Serviced Common Component's Export-File meets public: Properties set equal public 
25-02-24-08:52:15                                     Serviced Common Component used is up-to-date                                      
25-02-24-08:52:16  Standard-Module  mErH...........:  Serviced Common Component used is up-to-date                                      
25-02-24-08:52:16  Standard-Module  mDct...........:  Serviced Common Component used is up-to-date                                      
25-02-24-08:52:16  UserForm         fMsg...........:  Serviced Common Component used is up-to-date                                      
25-02-24-08:52:16  Standard-Module  mMsg...........:  Serviced Common Component used is up-to-date                                      
25-02-24-08:52:16  Standard-Module  mCompManClient.:  Serviced Common Component used is up-to-date                                      
25-02-24-08:52:16  Class-Module     clsLog.........:  Serviced Common Component used is up-to-date                                      
25-02-24-08:52:16  Class-Module     clsTestAid.....:  Serviced Common Component used is up-to-date                                      
25-02-24-08:52:16  Standard-Module  mFso...........:  Serviced Common Component used is up-to-date                                      
25-02-24-09:00:36 =================================================================================================
25-02-24-09:00:36  Standard-Module  mFso...........:  Common Component code change:                                
25-02-24-09:00:36                                     Line 0319 Serviced (CodeModule)....:         TxtFile(sFile, a_file_append) = s 
25-02-24-09:00:36                                     Line 0319 Serviced (Export-File)...:         FileOutput sFile, s, a_file_append 
25-02-24-09:00:36                                     Modified Common Component: Release registered pending                           
25-02-24-09:00:36                                     Serviced Common Component modified: E x p o r t e d !                           
25-02-24-09:00:36                                     Serviced Common Component modified: Properties in CommComps.dat updated         
25-02-24-09:00:36                                     Serviced Common Component modified: Registered pending release                  
25-02-24-18:47:04 =================================================================================================
25-02-24-18:47:04  Standard-Module  mFso...........:  Serviced Common Component properties housekeeping:           
25-02-24-18:47:04                                     Serviced Common Component's Export-File meets public: Properties set equal public 
25-02-24-18:47:04  Standard-Module  mMsg...........:  Serviced Common Component properties housekeeping:                                
25-02-24-18:47:04                                     Serviced Common Component's Export-File meets public: Properties set equal public 
25-02-24-18:47:04  Standard-Module  mTrc...........:  Serviced Common Component properties housekeeping:                                
25-02-24-18:47:04                                     Serviced Common Component's Export-File meets public: Properties set equal public 
25-02-24-18:47:05                                     Serviced Common Component used is up-to-date                                      
25-02-24-18:47:05  Standard-Module  mErH...........:  Serviced Common Component used is up-to-date                                      
25-02-24-18:47:05  Standard-Module  mDct...........:  Serviced Common Component used is up-to-date                                      
25-02-24-18:47:05  UserForm         fMsg...........:  Serviced Common Component used is up-to-date                                      
25-02-24-18:47:05  Standard-Module  mMsg...........:  Serviced Common Component used is up-to-date                                      
25-02-24-18:47:05  Standard-Module  mCompManClient.:  Serviced Common Component used is up-to-date                                      
25-02-24-18:47:05  Class-Module     clsLog.........:  Serviced Common Component used is up-to-date                                      
25-02-24-18:47:05  Class-Module     clsTestAid.....:  Code difference Line 0027 Serviced (CodeModule)..........................: ' ExcludeFromComparison P   w Specifies a like string which is excluded from 
25-02-24-18:47:05                                     Code difference Line 0027 Public (Export-File) of  c l s T e s t A i d...: ' Comment               P   w Comment on Test, for the whole id or Verification. 
25-02-24-18:47:05  Standard-Module  mFso...........:  Serviced Common Component used is up-to-date                                                                                                                
25-02-24-18:47:11  Class-Module     clsTestAid.....:  Serviced Common Component updated by re-import of the public Export-File from the Common-Components folder.                                                 
25-02-24-18:55:09 =================================================================================================
25-02-24-18:55:09  Standard-Module  mFso...........:  Serviced Common Component properties housekeeping:           
25-02-24-18:55:09                                     Serviced Common Component's Export-File meets public: Properties set equal public 
25-02-24-18:55:09  Standard-Module  mTrc...........:  Code difference Line 0257 Serviced (CodeModule)..............:     Open sFileFullName For Append As #1 
25-02-24-18:55:09                                     Code difference Line 0257 Public (Export-File) of  m T r c...:     TxtFile(sFileFullName, True) = l_line 
25-02-24-18:55:10  Standard-Module  mErH...........:  Serviced Common Component used is up-to-date                                                             
25-02-24-18:55:10  Standard-Module  mDct...........:  Serviced Common Component used is up-to-date                                                             
25-02-24-18:55:10  UserForm         fMsg...........:  Serviced Common Component used is up-to-date                                                             
25-02-24-18:55:10  Standard-Module  mMsg...........:  Code difference Line 0191 Serviced (CodeModule)..............: Public Property Get DsplyWidthDPI() As Variant:         DsplyWidthDPI = Screen(enWidthDPI):                                 End Property 
25-02-24-18:55:10                                     Code difference Line 0191 Public (Export-File) of  m M s g...: Public Property Get DsplyHeightDPI() As Variant:        DsplyHeightDPI = Screen(enHeightDPI):                               End Property 
25-02-24-18:55:10  Standard-Module  mCompManClient.:  Serviced Common Component used is up-to-date                                                                                                                                                            
25-02-24-18:55:10  Class-Module     clsLog.........:  Serviced Common Component used is up-to-date                                                                                                                                                            
25-02-24-18:55:10  Standard-Module  mFso...........:  Serviced Common Component used is up-to-date                                                                                                                                                            
25-02-24-18:55:10  Class-Module     clsTestAid.....:  Code difference Line 0862 Serviced (CodeModule)..........................: Friend Property Get TimerOverheadTicks() As Currency:               TimerOverheadTicks = cTicksOverhead:                        End Property 
25-02-24-18:55:10                                     Code difference Line 0862 Public (Export-File) of  c l s T e s t A i d...: Public Property Get TimerOverheadMsec() As Double:                  TimerOverheadMsec = dTimerOverhead:                         End Property 
25-02-24-18:55:15  Standard-Module  mTrc...........:  Serviced Common Component updated by re-import of the public Export-File from the Common-Components folder.                                                                                                             
25-02-24-18:55:18  Standard-Module  mMsg...........:  Serviced Common Component updated by re-import of the public Export-File from the Common-Components folder.                                                                                                             
25-02-24-18:55:22  Class-Module     clsTestAid.....:  Serviced Common Component updated by re-import of the public Export-File from the Common-Components folder.                                                                                                             
